[2021-06-27 07:23:43,702] {taskinstance.py:876} INFO - Dependencies all met for <TaskInstance: postgretomysql.load_transform_invoice 2021-06-27T07:23:39.796148+00:00 [queued]>
[2021-06-27 07:23:43,746] {taskinstance.py:876} INFO - Dependencies all met for <TaskInstance: postgretomysql.load_transform_invoice 2021-06-27T07:23:39.796148+00:00 [queued]>
[2021-06-27 07:23:43,748] {taskinstance.py:1067} INFO - 
--------------------------------------------------------------------------------
[2021-06-27 07:23:43,749] {taskinstance.py:1068} INFO - Starting attempt 1 of 2
[2021-06-27 07:23:43,759] {taskinstance.py:1069} INFO - 
--------------------------------------------------------------------------------
[2021-06-27 07:23:43,788] {taskinstance.py:1087} INFO - Executing <Task(PythonOperator): load_transform_invoice> on 2021-06-27T07:23:39.796148+00:00
[2021-06-27 07:23:43,802] {standard_task_runner.py:52} INFO - Started process 5466 to run task
[2021-06-27 07:23:43,815] {standard_task_runner.py:76} INFO - Running: ['***', 'tasks', 'run', 'postgretomysql', 'load_transform_invoice', '2021-06-27T07:23:39.796148+00:00', '--job-id', '50', '--pool', 'default_pool', '--raw', '--subdir', 'DAGS_FOLDER/postgresql-collect.py', '--cfg-path', '/tmp/tmplr5hrpe3', '--error-file', '/tmp/tmp8_7l5_q3']
[2021-06-27 07:23:43,817] {standard_task_runner.py:77} INFO - Job 50: Subtask load_transform_invoice
[2021-06-27 07:23:43,888] {logging_mixin.py:104} INFO - Running <TaskInstance: postgretomysql.load_transform_invoice 2021-06-27T07:23:39.796148+00:00 [running]> on host b69deda3a989
[2021-06-27 07:23:43,982] {taskinstance.py:1282} INFO - Exporting the following env vars:
AIRFLOW_CTX_DAG_EMAIL=tech@innospark.com
AIRFLOW_CTX_DAG_OWNER=***
AIRFLOW_CTX_DAG_ID=postgretomysql
AIRFLOW_CTX_TASK_ID=load_transform_invoice
AIRFLOW_CTX_EXECUTION_DATE=2021-06-27T07:23:39.796148+00:00
AIRFLOW_CTX_DAG_RUN_ID=manual__2021-06-27T07:23:39.796148+00:00
[2021-06-27 07:23:43,999] {base.py:78} INFO - Using connection to: id: docker-postgres. Host: 192.168.1.27, Port: 5432, Schema: , Login: postgres, Password: ***, extra: {}
[2021-06-27 07:23:44,037] {python.py:151} INFO - Done. Returned value was: None
[2021-06-27 07:23:44,057] {taskinstance.py:1191} INFO - Marking task as SUCCESS. dag_id=postgretomysql, task_id=load_transform_invoice, execution_date=20210627T072339, start_date=20210627T072343, end_date=20210627T072344
[2021-06-27 07:23:44,098] {taskinstance.py:1245} INFO - 1 downstream tasks scheduled from follow-on schedule check
[2021-06-27 07:23:44,141] {local_task_job.py:151} INFO - Task exited with return code 0
