[2021-06-27 20:12:53,668] {taskinstance.py:876} INFO - Dependencies all met for <TaskInstance: postgretomysql.export_postgresql_invoice 2021-06-27T20:11:37.377135+00:00 [queued]>
[2021-06-27 20:12:53,694] {taskinstance.py:876} INFO - Dependencies all met for <TaskInstance: postgretomysql.export_postgresql_invoice 2021-06-27T20:11:37.377135+00:00 [queued]>
[2021-06-27 20:12:53,695] {taskinstance.py:1067} INFO - 
--------------------------------------------------------------------------------
[2021-06-27 20:12:53,698] {taskinstance.py:1068} INFO - Starting attempt 1 of 2
[2021-06-27 20:12:53,701] {taskinstance.py:1069} INFO - 
--------------------------------------------------------------------------------
[2021-06-27 20:12:53,721] {taskinstance.py:1087} INFO - Executing <Task(PythonOperator): export_postgresql_invoice> on 2021-06-27T20:11:37.377135+00:00
[2021-06-27 20:12:53,736] {standard_task_runner.py:52} INFO - Started process 2218 to run task
[2021-06-27 20:12:53,749] {standard_task_runner.py:76} INFO - Running: ['***', 'tasks', 'run', 'postgretomysql', 'export_postgresql_invoice', '2021-06-27T20:11:37.377135+00:00', '--job-id', '116', '--pool', 'default_pool', '--raw', '--subdir', 'DAGS_FOLDER/postgresmysql.py', '--cfg-path', '/tmp/tmps2k3vkwv', '--error-file', '/tmp/tmpus7ga6lq']
[2021-06-27 20:12:53,751] {standard_task_runner.py:77} INFO - Job 116: Subtask export_postgresql_invoice
[2021-06-27 20:12:53,825] {logging_mixin.py:104} INFO - Running <TaskInstance: postgretomysql.export_postgresql_invoice 2021-06-27T20:11:37.377135+00:00 [running]> on host b69deda3a989
[2021-06-27 20:12:53,990] {taskinstance.py:1282} INFO - Exporting the following env vars:
AIRFLOW_CTX_DAG_EMAIL=tech@innospark.com
AIRFLOW_CTX_DAG_OWNER=***
AIRFLOW_CTX_DAG_ID=postgretomysql
AIRFLOW_CTX_TASK_ID=export_postgresql_invoice
AIRFLOW_CTX_EXECUTION_DATE=2021-06-27T20:11:37.377135+00:00
AIRFLOW_CTX_DAG_RUN_ID=manual__2021-06-27T20:11:37.377135+00:00
[2021-06-27 20:12:53,993] {logging_mixin.py:104} INFO - Entering export_postgresql_to_csv SELECT * FROM test.invoice
[2021-06-27 20:12:54,044] {base.py:78} INFO - Using connection to: id: docker-postgres. Host: 172.27.240.1, Port: 5432, Schema: , Login: postgres, Password: ***, extra: {}
[2021-06-27 20:12:57,345] {base.py:78} INFO - Using connection to: id: docker-postgres. Host: 172.27.240.1, Port: 5432, Schema: , Login: postgres, Password: ***, extra: {}
[2021-06-27 20:12:57,370] {python.py:151} INFO - Done. Returned value was: None
[2021-06-27 20:12:57,392] {taskinstance.py:1191} INFO - Marking task as SUCCESS. dag_id=postgretomysql, task_id=export_postgresql_invoice, execution_date=20210627T201137, start_date=20210627T201253, end_date=20210627T201257
[2021-06-27 20:12:57,449] {taskinstance.py:1245} INFO - 1 downstream tasks scheduled from follow-on schedule check
[2021-06-27 20:12:57,549] {local_task_job.py:151} INFO - Task exited with return code 0
