[2021-06-27 07:26:38,057] {taskinstance.py:876} INFO - Dependencies all met for <TaskInstance: postgretomysql.import_mysql_invoice 2021-06-27T07:26:23.777470+00:00 [queued]>
[2021-06-27 07:26:38,074] {taskinstance.py:876} INFO - Dependencies all met for <TaskInstance: postgretomysql.import_mysql_invoice 2021-06-27T07:26:23.777470+00:00 [queued]>
[2021-06-27 07:26:38,075] {taskinstance.py:1067} INFO - 
--------------------------------------------------------------------------------
[2021-06-27 07:26:38,086] {taskinstance.py:1068} INFO - Starting attempt 1 of 2
[2021-06-27 07:26:38,088] {taskinstance.py:1069} INFO - 
--------------------------------------------------------------------------------
[2021-06-27 07:26:38,099] {taskinstance.py:1087} INFO - Executing <Task(PythonOperator): import_mysql_invoice> on 2021-06-27T07:26:23.777470+00:00
[2021-06-27 07:26:38,106] {standard_task_runner.py:52} INFO - Started process 5644 to run task
[2021-06-27 07:26:38,110] {standard_task_runner.py:76} INFO - Running: ['***', 'tasks', 'run', 'postgretomysql', 'import_mysql_invoice', '2021-06-27T07:26:23.777470+00:00', '--job-id', '63', '--pool', 'default_pool', '--raw', '--subdir', 'DAGS_FOLDER/postgresql-collect.py', '--cfg-path', '/tmp/tmpj8vrje7v', '--error-file', '/tmp/tmplj03re6y']
[2021-06-27 07:26:38,111] {standard_task_runner.py:77} INFO - Job 63: Subtask import_mysql_invoice
[2021-06-27 07:26:38,153] {logging_mixin.py:104} INFO - Running <TaskInstance: postgretomysql.import_mysql_invoice 2021-06-27T07:26:23.777470+00:00 [running]> on host b69deda3a989
[2021-06-27 07:26:38,204] {taskinstance.py:1282} INFO - Exporting the following env vars:
AIRFLOW_CTX_DAG_EMAIL=tech@innospark.com
AIRFLOW_CTX_DAG_OWNER=***
AIRFLOW_CTX_DAG_ID=postgretomysql
AIRFLOW_CTX_TASK_ID=import_mysql_invoice
AIRFLOW_CTX_EXECUTION_DATE=2021-06-27T07:26:23.777470+00:00
AIRFLOW_CTX_DAG_RUN_ID=manual__2021-06-27T07:26:23.777470+00:00
[2021-06-27 07:26:38,219] {base.py:78} INFO - Using connection to: id: docker-mysql. Host: 192.168.1.27, Port: 3306, Schema: , Login: root, Password: ***, extra: {'charset': 'utf8', 'local_infile': True}
[2021-06-27 07:26:38,261] {python.py:151} INFO - Done. Returned value was: None
[2021-06-27 07:26:38,271] {taskinstance.py:1191} INFO - Marking task as SUCCESS. dag_id=postgretomysql, task_id=import_mysql_invoice, execution_date=20210627T072623, start_date=20210627T072638, end_date=20210627T072638
[2021-06-27 07:26:38,314] {taskinstance.py:1245} INFO - 0 downstream tasks scheduled from follow-on schedule check
[2021-06-27 07:26:38,364] {local_task_job.py:151} INFO - Task exited with return code 0
