[2021-06-27 07:16:29,290] {taskinstance.py:876} INFO - Dependencies all met for <TaskInstance: postgretomysql.load_transform_invoice 2021-06-27T07:16:24.179692+00:00 [queued]>
[2021-06-27 07:16:29,330] {taskinstance.py:876} INFO - Dependencies all met for <TaskInstance: postgretomysql.load_transform_invoice 2021-06-27T07:16:24.179692+00:00 [queued]>
[2021-06-27 07:16:29,331] {taskinstance.py:1067} INFO - 
--------------------------------------------------------------------------------
[2021-06-27 07:16:29,334] {taskinstance.py:1068} INFO - Starting attempt 1 of 2
[2021-06-27 07:16:29,346] {taskinstance.py:1069} INFO - 
--------------------------------------------------------------------------------
[2021-06-27 07:16:29,372] {taskinstance.py:1087} INFO - Executing <Task(PythonOperator): load_transform_invoice> on 2021-06-27T07:16:24.179692+00:00
[2021-06-27 07:16:29,384] {standard_task_runner.py:52} INFO - Started process 5079 to run task
[2021-06-27 07:16:29,397] {standard_task_runner.py:76} INFO - Running: ['***', 'tasks', 'run', 'postgretomysql', 'load_transform_invoice', '2021-06-27T07:16:24.179692+00:00', '--job-id', '43', '--pool', 'default_pool', '--raw', '--subdir', 'DAGS_FOLDER/postgresql-collect.py', '--cfg-path', '/tmp/tmpk9xvcem8', '--error-file', '/tmp/tmpybhig1jn']
[2021-06-27 07:16:29,399] {standard_task_runner.py:77} INFO - Job 43: Subtask load_transform_invoice
[2021-06-27 07:16:29,487] {logging_mixin.py:104} INFO - Running <TaskInstance: postgretomysql.load_transform_invoice 2021-06-27T07:16:24.179692+00:00 [running]> on host b69deda3a989
[2021-06-27 07:16:29,570] {taskinstance.py:1282} INFO - Exporting the following env vars:
AIRFLOW_CTX_DAG_EMAIL=tech@innospark.com
AIRFLOW_CTX_DAG_OWNER=***
AIRFLOW_CTX_DAG_ID=postgretomysql
AIRFLOW_CTX_TASK_ID=load_transform_invoice
AIRFLOW_CTX_EXECUTION_DATE=2021-06-27T07:16:24.179692+00:00
AIRFLOW_CTX_DAG_RUN_ID=manual__2021-06-27T07:16:24.179692+00:00
[2021-06-27 07:16:29,591] {base.py:78} INFO - Using connection to: id: docker-postgres. Host: 192.168.1.27, Port: 5432, Schema: , Login: postgres, Password: ***, extra: {}
[2021-06-27 07:16:29,624] {python.py:151} INFO - Done. Returned value was: None
[2021-06-27 07:16:29,642] {taskinstance.py:1191} INFO - Marking task as SUCCESS. dag_id=postgretomysql, task_id=load_transform_invoice, execution_date=20210627T071624, start_date=20210627T071629, end_date=20210627T071629
[2021-06-27 07:16:29,683] {taskinstance.py:1245} INFO - 1 downstream tasks scheduled from follow-on schedule check
[2021-06-27 07:16:29,729] {local_task_job.py:151} INFO - Task exited with return code 0
