[2021-06-27 06:36:29,118] {taskinstance.py:876} INFO - Dependencies all met for <TaskInstance: example_mysql.create_table_mysql_external_file 2021-06-27T06:36:27.486522+00:00 [queued]>
[2021-06-27 06:36:29,160] {taskinstance.py:876} INFO - Dependencies all met for <TaskInstance: example_mysql.create_table_mysql_external_file 2021-06-27T06:36:27.486522+00:00 [queued]>
[2021-06-27 06:36:29,161] {taskinstance.py:1067} INFO - 
--------------------------------------------------------------------------------
[2021-06-27 06:36:29,162] {taskinstance.py:1068} INFO - Starting attempt 1 of 1
[2021-06-27 06:36:29,167] {taskinstance.py:1069} INFO - 
--------------------------------------------------------------------------------
[2021-06-27 06:36:29,206] {taskinstance.py:1087} INFO - Executing <Task(MySqlOperator): create_table_mysql_external_file> on 2021-06-27T06:36:27.486522+00:00
[2021-06-27 06:36:29,230] {standard_task_runner.py:52} INFO - Started process 3315 to run task
[2021-06-27 06:36:29,246] {standard_task_runner.py:76} INFO - Running: ['***', 'tasks', 'run', 'example_mysql', 'create_table_mysql_external_file', '2021-06-27T06:36:27.486522+00:00', '--job-id', '25', '--pool', 'default_pool', '--raw', '--subdir', 'DAGS_FOLDER/example_mysql.py', '--cfg-path', '/tmp/tmpqmdhvf55', '--error-file', '/tmp/tmp6xjlnwws']
[2021-06-27 06:36:29,249] {standard_task_runner.py:77} INFO - Job 25: Subtask create_table_mysql_external_file
[2021-06-27 06:36:29,479] {logging_mixin.py:104} INFO - Running <TaskInstance: example_mysql.create_table_mysql_external_file 2021-06-27T06:36:27.486522+00:00 [running]> on host b69deda3a989
[2021-06-27 06:36:29,691] {taskinstance.py:1282} INFO - Exporting the following env vars:
AIRFLOW_CTX_DAG_OWNER=***
AIRFLOW_CTX_DAG_ID=example_mysql
AIRFLOW_CTX_TASK_ID=create_table_mysql_external_file
AIRFLOW_CTX_EXECUTION_DATE=2021-06-27T06:36:27.486522+00:00
AIRFLOW_CTX_DAG_RUN_ID=manual__2021-06-27T06:36:27.486522+00:00
[2021-06-27 06:36:29,693] {mysql.py:72} INFO - Executing: CREATE TABLE sys.Student (
    Id INTEGER NOT NULL,
    Name varchar(100) NULL
)
ENGINE=InnoDB
DEFAULT CHARSET=utf8mb4
COLLATE=utf8mb4_0900_ai_ci
COMMENT='Student';
[2021-06-27 06:36:29,730] {base.py:78} INFO - Using connection to: id: docker-mysql. Host: 192.168.1.27, Port: 3306, Schema: , Login: root, Password: ***, extra: {}
[2021-06-27 06:36:29,804] {dbapi.py:204} INFO - Running statement: CREATE TABLE sys.Student (
    Id INTEGER NOT NULL,
    Name varchar(100) NULL
)
ENGINE=InnoDB
DEFAULT CHARSET=utf8mb4
COLLATE=utf8mb4_0900_ai_ci
COMMENT='Student';, parameters: None
[2021-06-27 06:36:29,899] {dbapi.py:212} INFO - Rows affected: 0
[2021-06-27 06:36:29,936] {taskinstance.py:1191} INFO - Marking task as SUCCESS. dag_id=example_mysql, task_id=create_table_mysql_external_file, execution_date=20210627T063627, start_date=20210627T063629, end_date=20210627T063629
[2021-06-27 06:36:29,984] {taskinstance.py:1245} INFO - 0 downstream tasks scheduled from follow-on schedule check
[2021-06-27 06:36:30,017] {local_task_job.py:151} INFO - Task exited with return code 0
