[2021-06-27 18:01:32,906] {taskinstance.py:876} INFO - Dependencies all met for <TaskInstance: postgretomysql.load_transform_invoice 2021-06-27T18:01:27.549223+00:00 [queued]>
[2021-06-27 18:01:32,942] {taskinstance.py:876} INFO - Dependencies all met for <TaskInstance: postgretomysql.load_transform_invoice 2021-06-27T18:01:27.549223+00:00 [queued]>
[2021-06-27 18:01:32,943] {taskinstance.py:1067} INFO - 
--------------------------------------------------------------------------------
[2021-06-27 18:01:32,944] {taskinstance.py:1068} INFO - Starting attempt 1 of 2
[2021-06-27 18:01:32,947] {taskinstance.py:1069} INFO - 
--------------------------------------------------------------------------------
[2021-06-27 18:01:32,967] {taskinstance.py:1087} INFO - Executing <Task(PythonOperator): load_transform_invoice> on 2021-06-27T18:01:27.549223+00:00
[2021-06-27 18:01:32,975] {standard_task_runner.py:52} INFO - Started process 7052 to run task
[2021-06-27 18:01:32,985] {standard_task_runner.py:76} INFO - Running: ['***', 'tasks', 'run', 'postgretomysql', 'load_transform_invoice', '2021-06-27T18:01:27.549223+00:00', '--job-id', '82', '--pool', 'default_pool', '--raw', '--subdir', 'DAGS_FOLDER/postgresql-collect.py', '--cfg-path', '/tmp/tmpnac351cd', '--error-file', '/tmp/tmpq4ca4f3w']
[2021-06-27 18:01:32,987] {standard_task_runner.py:77} INFO - Job 82: Subtask load_transform_invoice
[2021-06-27 18:01:33,152] {logging_mixin.py:104} INFO - Running <TaskInstance: postgretomysql.load_transform_invoice 2021-06-27T18:01:27.549223+00:00 [running]> on host b69deda3a989
[2021-06-27 18:01:33,299] {taskinstance.py:1282} INFO - Exporting the following env vars:
AIRFLOW_CTX_DAG_EMAIL=tech@innospark.com
AIRFLOW_CTX_DAG_OWNER=***
AIRFLOW_CTX_DAG_ID=postgretomysql
AIRFLOW_CTX_TASK_ID=load_transform_invoice
AIRFLOW_CTX_EXECUTION_DATE=2021-06-27T18:01:27.549223+00:00
AIRFLOW_CTX_DAG_RUN_ID=manual__2021-06-27T18:01:27.549223+00:00
[2021-06-27 18:01:33,330] {base.py:78} INFO - Using connection to: id: docker-postgres. Host: 172.27.240.1, Port: 5432, Schema: , Login: postgres, Password: ***, extra: {}
[2021-06-27 18:01:33,375] {python.py:151} INFO - Done. Returned value was: None
[2021-06-27 18:01:33,446] {taskinstance.py:1191} INFO - Marking task as SUCCESS. dag_id=postgretomysql, task_id=load_transform_invoice, execution_date=20210627T180127, start_date=20210627T180132, end_date=20210627T180133
[2021-06-27 18:01:33,575] {taskinstance.py:1245} INFO - 1 downstream tasks scheduled from follow-on schedule check
[2021-06-27 18:01:33,656] {local_task_job.py:151} INFO - Task exited with return code 0
