[2021-06-27 20:12:58,592] {taskinstance.py:876} INFO - Dependencies all met for <TaskInstance: postgretomysql.recreate_mysql_schema 2021-06-27T20:11:37.377135+00:00 [queued]>
[2021-06-27 20:12:58,625] {taskinstance.py:876} INFO - Dependencies all met for <TaskInstance: postgretomysql.recreate_mysql_schema 2021-06-27T20:11:37.377135+00:00 [queued]>
[2021-06-27 20:12:58,626] {taskinstance.py:1067} INFO - 
--------------------------------------------------------------------------------
[2021-06-27 20:12:58,627] {taskinstance.py:1068} INFO - Starting attempt 1 of 2
[2021-06-27 20:12:58,631] {taskinstance.py:1069} INFO - 
--------------------------------------------------------------------------------
[2021-06-27 20:12:58,659] {taskinstance.py:1087} INFO - Executing <Task(MySqlOperator): recreate_mysql_schema> on 2021-06-27T20:11:37.377135+00:00
[2021-06-27 20:12:58,671] {standard_task_runner.py:52} INFO - Started process 2221 to run task
[2021-06-27 20:12:58,683] {standard_task_runner.py:76} INFO - Running: ['***', 'tasks', 'run', 'postgretomysql', 'recreate_mysql_schema', '2021-06-27T20:11:37.377135+00:00', '--job-id', '117', '--pool', 'default_pool', '--raw', '--subdir', 'DAGS_FOLDER/postgresmysql.py', '--cfg-path', '/tmp/tmpfdxu5tw_', '--error-file', '/tmp/tmpdzkakpzm']
[2021-06-27 20:12:58,685] {standard_task_runner.py:77} INFO - Job 117: Subtask recreate_mysql_schema
[2021-06-27 20:12:58,775] {logging_mixin.py:104} INFO - Running <TaskInstance: postgretomysql.recreate_mysql_schema 2021-06-27T20:11:37.377135+00:00 [running]> on host b69deda3a989
[2021-06-27 20:12:58,865] {taskinstance.py:1282} INFO - Exporting the following env vars:
AIRFLOW_CTX_DAG_EMAIL=tech@innospark.com
AIRFLOW_CTX_DAG_OWNER=***
AIRFLOW_CTX_DAG_ID=postgretomysql
AIRFLOW_CTX_TASK_ID=recreate_mysql_schema
AIRFLOW_CTX_EXECUTION_DATE=2021-06-27T20:11:37.377135+00:00
AIRFLOW_CTX_DAG_RUN_ID=manual__2021-06-27T20:11:37.377135+00:00
[2021-06-27 20:12:58,866] {mysql.py:72} INFO - Executing: -- Drop tables


DROP TABLE IF EXISTS test.invoice;

DROP TABLE IF EXISTS test.customer;

SET GLOBAL local_infile=1;
-- test.customer definition

CREATE TABLE IF NOT EXISTS `test`.`customer` (
  `id` int NOT NULL,
  `firstname` varchar(100) DEFAULT NULL,
  `lastname` varchar(100) DEFAULT NULL,
  `address` varchar(100) DEFAULT NULL,
  `phone` varchar(100) DEFAULT NULL,
  PRIMARY KEY (`id`)
) ENGINE=InnoDB DEFAULT CHARSET=utf8mb4 COLLATE=utf8mb4_0900_ai_ci;


-- test.invoice definition

CREATE TABLE IF NOT EXISTS `test`.`invoice` (
  `InvoiceID` varchar(100) NOT NULL,
  `CustomerID` int DEFAULT NULL,
  `orderdate` date DEFAULT NULL,
  `subtotal` float DEFAULT NULL,
  PRIMARY KEY (`InvoiceID`),
  KEY `invoice_FK` (`CustomerID`),
  CONSTRAINT `invoice_FK` FOREIGN KEY (`CustomerID`) REFERENCES `customer` (`id`)
) ENGINE=InnoDB DEFAULT CHARSET=utf8mb4 COLLATE=utf8mb4_0900_ai_ci;
[2021-06-27 20:12:58,904] {base.py:78} INFO - Using connection to: id: docker-mysql. Host: 172.27.240.1, Port: 3306, Schema: , Login: root, Password: ***, extra: {'charset': 'utf8', 'local_infile': True}
[2021-06-27 20:12:58,957] {dbapi.py:204} INFO - Running statement: -- Drop tables


DROP TABLE IF EXISTS test.invoice;

DROP TABLE IF EXISTS test.customer;

SET GLOBAL local_infile=1;
-- test.customer definition

CREATE TABLE IF NOT EXISTS `test`.`customer` (
  `id` int NOT NULL,
  `firstname` varchar(100) DEFAULT NULL,
  `lastname` varchar(100) DEFAULT NULL,
  `address` varchar(100) DEFAULT NULL,
  `phone` varchar(100) DEFAULT NULL,
  PRIMARY KEY (`id`)
) ENGINE=InnoDB DEFAULT CHARSET=utf8mb4 COLLATE=utf8mb4_0900_ai_ci;


-- test.invoice definition

CREATE TABLE IF NOT EXISTS `test`.`invoice` (
  `InvoiceID` varchar(100) NOT NULL,
  `CustomerID` int DEFAULT NULL,
  `orderdate` date DEFAULT NULL,
  `subtotal` float DEFAULT NULL,
  PRIMARY KEY (`InvoiceID`),
  KEY `invoice_FK` (`CustomerID`),
  CONSTRAINT `invoice_FK` FOREIGN KEY (`CustomerID`) REFERENCES `customer` (`id`)
) ENGINE=InnoDB DEFAULT CHARSET=utf8mb4 COLLATE=utf8mb4_0900_ai_ci;, parameters: None
[2021-06-27 20:12:58,969] {dbapi.py:212} INFO - Rows affected: 0
[2021-06-27 20:12:59,125] {taskinstance.py:1191} INFO - Marking task as SUCCESS. dag_id=postgretomysql, task_id=recreate_mysql_schema, execution_date=20210627T201137, start_date=20210627T201258, end_date=20210627T201259
[2021-06-27 20:12:59,195] {taskinstance.py:1245} INFO - 1 downstream tasks scheduled from follow-on schedule check
[2021-06-27 20:12:59,218] {local_task_job.py:151} INFO - Task exited with return code 0
