[2021-06-27 18:25:35,054] {taskinstance.py:876} INFO - Dependencies all met for <TaskInstance: postgretomysql.export_postgresql_invoice 2021-06-25T00:00:00+00:00 [queued]>
[2021-06-27 18:25:35,071] {taskinstance.py:876} INFO - Dependencies all met for <TaskInstance: postgretomysql.export_postgresql_invoice 2021-06-25T00:00:00+00:00 [queued]>
[2021-06-27 18:25:35,072] {taskinstance.py:1067} INFO - 
--------------------------------------------------------------------------------
[2021-06-27 18:25:35,073] {taskinstance.py:1068} INFO - Starting attempt 1 of 2
[2021-06-27 18:25:35,075] {taskinstance.py:1069} INFO - 
--------------------------------------------------------------------------------
[2021-06-27 18:25:35,094] {taskinstance.py:1087} INFO - Executing <Task(PythonOperator): export_postgresql_invoice> on 2021-06-25T00:00:00+00:00
[2021-06-27 18:25:35,103] {standard_task_runner.py:52} INFO - Started process 8406 to run task
[2021-06-27 18:25:35,113] {standard_task_runner.py:76} INFO - Running: ['***', 'tasks', 'run', 'postgretomysql', 'export_postgresql_invoice', '2021-06-25T00:00:00+00:00', '--job-id', '96', '--pool', 'default_pool', '--raw', '--subdir', 'DAGS_FOLDER/postgresmysql.py', '--cfg-path', '/tmp/tmpnh8nwyom', '--error-file', '/tmp/tmpzne0oxgv']
[2021-06-27 18:25:35,115] {standard_task_runner.py:77} INFO - Job 96: Subtask export_postgresql_invoice
[2021-06-27 18:25:35,198] {logging_mixin.py:104} INFO - Running <TaskInstance: postgretomysql.export_postgresql_invoice 2021-06-25T00:00:00+00:00 [running]> on host b69deda3a989
[2021-06-27 18:25:35,311] {taskinstance.py:1282} INFO - Exporting the following env vars:
AIRFLOW_CTX_DAG_EMAIL=tech@innospark.com
AIRFLOW_CTX_DAG_OWNER=***
AIRFLOW_CTX_DAG_ID=postgretomysql
AIRFLOW_CTX_TASK_ID=export_postgresql_invoice
AIRFLOW_CTX_EXECUTION_DATE=2021-06-25T00:00:00+00:00
AIRFLOW_CTX_DAG_RUN_ID=scheduled__2021-06-25T00:00:00+00:00
[2021-06-27 18:25:35,312] {logging_mixin.py:104} INFO - Entering export_postgresql_to_csv SELECT * FROM test.invoice
[2021-06-27 18:25:35,331] {base.py:78} INFO - Using connection to: id: docker-postgres. Host: 172.27.240.1, Port: 5432, Schema: , Login: postgres, Password: ***, extra: {}
[2021-06-27 18:25:40,128] {base.py:78} INFO - Using connection to: id: docker-postgres. Host: 172.27.240.1, Port: 5432, Schema: , Login: postgres, Password: ***, extra: {}
[2021-06-27 18:25:40,155] {python.py:151} INFO - Done. Returned value was: None
[2021-06-27 18:25:40,193] {taskinstance.py:1191} INFO - Marking task as SUCCESS. dag_id=postgretomysql, task_id=export_postgresql_invoice, execution_date=20210625T000000, start_date=20210627T182535, end_date=20210627T182540
[2021-06-27 18:25:40,298] {local_task_job.py:197} WARNING - State of this instance has been externally set to success. Terminating instance.
[2021-06-27 18:25:40,303] {process_utils.py:100} INFO - Sending Signals.SIGTERM to GPID 8406
[2021-06-27 18:25:40,345] {taskinstance.py:1264} ERROR - Received SIGTERM. Terminating subprocesses.
[2021-06-27 18:25:40,416] {process_utils.py:66} INFO - Process psutil.Process(pid=8406, status='terminated', exitcode=1, started='18:25:34') (8406) terminated with exit code 1
