[2021-06-27 18:25:44,910] {taskinstance.py:876} INFO - Dependencies all met for <TaskInstance: postgretomysql.import_mysql_customer 2021-06-25T00:00:00+00:00 [queued]>
[2021-06-27 18:25:44,941] {taskinstance.py:876} INFO - Dependencies all met for <TaskInstance: postgretomysql.import_mysql_customer 2021-06-25T00:00:00+00:00 [queued]>
[2021-06-27 18:25:44,944] {taskinstance.py:1067} INFO - 
--------------------------------------------------------------------------------
[2021-06-27 18:25:44,944] {taskinstance.py:1068} INFO - Starting attempt 1 of 2
[2021-06-27 18:25:44,949] {taskinstance.py:1069} INFO - 
--------------------------------------------------------------------------------
[2021-06-27 18:25:44,967] {taskinstance.py:1087} INFO - Executing <Task(PythonOperator): import_mysql_customer> on 2021-06-25T00:00:00+00:00
[2021-06-27 18:25:44,985] {standard_task_runner.py:52} INFO - Started process 8412 to run task
[2021-06-27 18:25:44,996] {standard_task_runner.py:76} INFO - Running: ['***', 'tasks', 'run', 'postgretomysql', 'import_mysql_customer', '2021-06-25T00:00:00+00:00', '--job-id', '98', '--pool', 'default_pool', '--raw', '--subdir', 'DAGS_FOLDER/postgresmysql.py', '--cfg-path', '/tmp/tmphoeo8k65', '--error-file', '/tmp/tmp_ioopu5h']
[2021-06-27 18:25:44,997] {standard_task_runner.py:77} INFO - Job 98: Subtask import_mysql_customer
[2021-06-27 18:25:45,100] {logging_mixin.py:104} INFO - Running <TaskInstance: postgretomysql.import_mysql_customer 2021-06-25T00:00:00+00:00 [running]> on host b69deda3a989
[2021-06-27 18:25:45,243] {taskinstance.py:1282} INFO - Exporting the following env vars:
AIRFLOW_CTX_DAG_EMAIL=tech@innospark.com
AIRFLOW_CTX_DAG_OWNER=***
AIRFLOW_CTX_DAG_ID=postgretomysql
AIRFLOW_CTX_TASK_ID=import_mysql_customer
AIRFLOW_CTX_EXECUTION_DATE=2021-06-25T00:00:00+00:00
AIRFLOW_CTX_DAG_RUN_ID=scheduled__2021-06-25T00:00:00+00:00
[2021-06-27 18:25:45,282] {base.py:78} INFO - Using connection to: id: docker-mysql. Host: 172.27.240.1, Port: 3306, Schema: , Login: root, Password: ***, extra: {'charset': 'utf8', 'local_infile': True}
[2021-06-27 18:25:45,364] {python.py:151} INFO - Done. Returned value was: None
[2021-06-27 18:25:45,382] {taskinstance.py:1191} INFO - Marking task as SUCCESS. dag_id=postgretomysql, task_id=import_mysql_customer, execution_date=20210625T000000, start_date=20210627T182544, end_date=20210627T182545
[2021-06-27 18:25:45,453] {taskinstance.py:1245} INFO - 1 downstream tasks scheduled from follow-on schedule check
[2021-06-27 18:25:45,496] {local_task_job.py:151} INFO - Task exited with return code 0
