[2021-06-11 18:34:08,895] {taskinstance.py:876} INFO - Dependencies all met for <TaskInstance: postgres_operator_dag.create_pet_table 2021-06-11T18:34:07.870474+00:00 [queued]>
[2021-06-11 18:34:08,921] {taskinstance.py:876} INFO - Dependencies all met for <TaskInstance: postgres_operator_dag.create_pet_table 2021-06-11T18:34:07.870474+00:00 [queued]>
[2021-06-11 18:34:08,922] {taskinstance.py:1067} INFO - 
--------------------------------------------------------------------------------
[2021-06-11 18:34:08,923] {taskinstance.py:1068} INFO - Starting attempt 1 of 1
[2021-06-11 18:34:08,929] {taskinstance.py:1069} INFO - 
--------------------------------------------------------------------------------
[2021-06-11 18:34:08,948] {taskinstance.py:1087} INFO - Executing <Task(PostgresOperator): create_pet_table> on 2021-06-11T18:34:07.870474+00:00
[2021-06-11 18:34:08,962] {standard_task_runner.py:52} INFO - Started process 5139 to run task
[2021-06-11 18:34:08,968] {standard_task_runner.py:76} INFO - Running: ['***', 'tasks', 'run', 'postgres_operator_dag', 'create_pet_table', '2021-06-11T18:34:07.870474+00:00', '--job-id', '13', '--pool', 'default_pool', '--raw', '--subdir', 'DAGS_FOLDER/example_postgres.py', '--cfg-path', '/tmp/tmpumscfg9w', '--error-file', '/tmp/tmp9b8cwypk']
[2021-06-11 18:34:08,969] {standard_task_runner.py:77} INFO - Job 13: Subtask create_pet_table
[2021-06-11 18:34:09,042] {logging_mixin.py:104} INFO - Running <TaskInstance: postgres_operator_dag.create_pet_table 2021-06-11T18:34:07.870474+00:00 [running]> on host cd242b243f35
[2021-06-11 18:34:09,122] {taskinstance.py:1282} INFO - Exporting the following env vars:
AIRFLOW_CTX_DAG_OWNER=***
AIRFLOW_CTX_DAG_ID=postgres_operator_dag
AIRFLOW_CTX_TASK_ID=create_pet_table
AIRFLOW_CTX_EXECUTION_DATE=2021-06-11T18:34:07.870474+00:00
AIRFLOW_CTX_DAG_RUN_ID=manual__2021-06-11T18:34:07.870474+00:00
[2021-06-11 18:34:09,123] {postgres.py:70} INFO - Executing: 
            CREATE TABLE IF NOT EXISTS pet (
            pet_id SERIAL PRIMARY KEY,
            name VARCHAR NOT NULL,
            pet_type VARCHAR NOT NULL,
            birth_date DATE NOT NULL,
            OWNER VARCHAR NOT NULL);
          
[2021-06-11 18:34:09,158] {base.py:78} INFO - Using connection to: id: docker-postgres. Host: 192.168.1.27, Port: 5432, Schema: , Login: postgres, Password: ***, extra: {}
[2021-06-11 18:34:09,195] {dbapi.py:204} INFO - Running statement: 
            CREATE TABLE IF NOT EXISTS pet (
            pet_id SERIAL PRIMARY KEY,
            name VARCHAR NOT NULL,
            pet_type VARCHAR NOT NULL,
            birth_date DATE NOT NULL,
            OWNER VARCHAR NOT NULL);
          , parameters: None
[2021-06-11 18:34:09,218] {postgres.py:74} INFO - NOTICE:  relation "pet" already exists, skipping

[2021-06-11 18:34:09,241] {taskinstance.py:1191} INFO - Marking task as SUCCESS. dag_id=postgres_operator_dag, task_id=create_pet_table, execution_date=20210611T183407, start_date=20210611T183408, end_date=20210611T183409
[2021-06-11 18:34:09,319] {taskinstance.py:1245} INFO - 1 downstream tasks scheduled from follow-on schedule check
[2021-06-11 18:34:09,347] {local_task_job.py:151} INFO - Task exited with return code 0
