[2021-06-27 20:12:49,473] {taskinstance.py:876} INFO - Dependencies all met for <TaskInstance: postgretomysql.export_postgresql_customer 2021-06-27T20:11:37.377135+00:00 [queued]>
[2021-06-27 20:12:49,504] {taskinstance.py:876} INFO - Dependencies all met for <TaskInstance: postgretomysql.export_postgresql_customer 2021-06-27T20:11:37.377135+00:00 [queued]>
[2021-06-27 20:12:49,505] {taskinstance.py:1067} INFO - 
--------------------------------------------------------------------------------
[2021-06-27 20:12:49,506] {taskinstance.py:1068} INFO - Starting attempt 1 of 2
[2021-06-27 20:12:49,510] {taskinstance.py:1069} INFO - 
--------------------------------------------------------------------------------
[2021-06-27 20:12:49,541] {taskinstance.py:1087} INFO - Executing <Task(PythonOperator): export_postgresql_customer> on 2021-06-27T20:11:37.377135+00:00
[2021-06-27 20:12:49,552] {standard_task_runner.py:52} INFO - Started process 2215 to run task
[2021-06-27 20:12:49,558] {standard_task_runner.py:76} INFO - Running: ['***', 'tasks', 'run', 'postgretomysql', 'export_postgresql_customer', '2021-06-27T20:11:37.377135+00:00', '--job-id', '115', '--pool', 'default_pool', '--raw', '--subdir', 'DAGS_FOLDER/postgresmysql.py', '--cfg-path', '/tmp/tmpso0_u07z', '--error-file', '/tmp/tmpk97cdjo8']
[2021-06-27 20:12:49,559] {standard_task_runner.py:77} INFO - Job 115: Subtask export_postgresql_customer
[2021-06-27 20:12:49,620] {logging_mixin.py:104} INFO - Running <TaskInstance: postgretomysql.export_postgresql_customer 2021-06-27T20:11:37.377135+00:00 [running]> on host b69deda3a989
[2021-06-27 20:12:49,692] {taskinstance.py:1282} INFO - Exporting the following env vars:
AIRFLOW_CTX_DAG_EMAIL=tech@innospark.com
AIRFLOW_CTX_DAG_OWNER=***
AIRFLOW_CTX_DAG_ID=postgretomysql
AIRFLOW_CTX_TASK_ID=export_postgresql_customer
AIRFLOW_CTX_EXECUTION_DATE=2021-06-27T20:11:37.377135+00:00
AIRFLOW_CTX_DAG_RUN_ID=manual__2021-06-27T20:11:37.377135+00:00
[2021-06-27 20:12:49,696] {logging_mixin.py:104} INFO - Entering export_postgresql_to_csv SELECT * FROM test.customer
[2021-06-27 20:12:49,709] {base.py:78} INFO - Using connection to: id: docker-postgres. Host: 172.27.240.1, Port: 5432, Schema: , Login: postgres, Password: ***, extra: {}
[2021-06-27 20:12:52,740] {base.py:78} INFO - Using connection to: id: docker-postgres. Host: 172.27.240.1, Port: 5432, Schema: , Login: postgres, Password: ***, extra: {}
[2021-06-27 20:12:52,766] {python.py:151} INFO - Done. Returned value was: None
[2021-06-27 20:12:52,782] {taskinstance.py:1191} INFO - Marking task as SUCCESS. dag_id=postgretomysql, task_id=export_postgresql_customer, execution_date=20210627T201137, start_date=20210627T201249, end_date=20210627T201252
[2021-06-27 20:12:52,817] {taskinstance.py:1245} INFO - 1 downstream tasks scheduled from follow-on schedule check
[2021-06-27 20:12:52,867] {local_task_job.py:151} INFO - Task exited with return code 0
