[2021-06-27 20:12:42,633] {taskinstance.py:876} INFO - Dependencies all met for <TaskInstance: postgretomysql.create_postgresql_schema 2021-06-27T20:11:37.377135+00:00 [queued]>
[2021-06-27 20:12:42,677] {taskinstance.py:876} INFO - Dependencies all met for <TaskInstance: postgretomysql.create_postgresql_schema 2021-06-27T20:11:37.377135+00:00 [queued]>
[2021-06-27 20:12:42,678] {taskinstance.py:1067} INFO - 
--------------------------------------------------------------------------------
[2021-06-27 20:12:42,679] {taskinstance.py:1068} INFO - Starting attempt 2 of 2
[2021-06-27 20:12:42,689] {taskinstance.py:1069} INFO - 
--------------------------------------------------------------------------------
[2021-06-27 20:12:42,723] {taskinstance.py:1087} INFO - Executing <Task(PostgresOperator): create_postgresql_schema> on 2021-06-27T20:11:37.377135+00:00
[2021-06-27 20:12:42,765] {standard_task_runner.py:52} INFO - Started process 2208 to run task
[2021-06-27 20:12:42,792] {standard_task_runner.py:76} INFO - Running: ['***', 'tasks', 'run', 'postgretomysql', 'create_postgresql_schema', '2021-06-27T20:11:37.377135+00:00', '--job-id', '112', '--pool', 'default_pool', '--raw', '--subdir', 'DAGS_FOLDER/postgresmysql.py', '--cfg-path', '/tmp/tmp_1gr921g', '--error-file', '/tmp/tmpe4lsz4l3']
[2021-06-27 20:12:42,794] {standard_task_runner.py:77} INFO - Job 112: Subtask create_postgresql_schema
[2021-06-27 20:12:42,919] {logging_mixin.py:104} INFO - Running <TaskInstance: postgretomysql.create_postgresql_schema 2021-06-27T20:11:37.377135+00:00 [running]> on host b69deda3a989
[2021-06-27 20:12:43,054] {taskinstance.py:1282} INFO - Exporting the following env vars:
AIRFLOW_CTX_DAG_EMAIL=tech@innospark.com
AIRFLOW_CTX_DAG_OWNER=***
AIRFLOW_CTX_DAG_ID=postgretomysql
AIRFLOW_CTX_TASK_ID=create_postgresql_schema
AIRFLOW_CTX_EXECUTION_DATE=2021-06-27T20:11:37.377135+00:00
AIRFLOW_CTX_DAG_RUN_ID=manual__2021-06-27T20:11:37.377135+00:00
[2021-06-27 20:12:43,056] {postgres.py:70} INFO - Executing: -- Drop tables

DROP TABLE IF EXISTS test.invoice;

DROP TABLE IF EXISTS test.customer;

-- test.customer definition

CREATE TABLE IF NOT EXISTS test.customer (
	id int4 NOT NULL,
	firstname varchar NULL,
	lastname varchar NULL,
	address varchar NULL,
	phone varchar NULL,
	CONSTRAINT customer_pk PRIMARY KEY (id)
);

-- test.invoice definition

CREATE TABLE IF NOT EXISTS test.invoice (
	InvoiceID int4 NOT NULL,
	CustomerID int4 NULL,
	orderdate date NULL,
	subtotal float4 NULL,
	CONSTRAINT invoice_pk PRIMARY KEY (InvoiceID),
	CONSTRAINT customer_fk FOREIGN KEY (CustomerID) REFERENCES test.customer(id)
);
[2021-06-27 20:12:43,072] {base.py:78} INFO - Using connection to: id: docker-postgres. Host: 172.27.240.1, Port: 5432, Schema: , Login: postgres, Password: ***, extra: {}
[2021-06-27 20:12:43,088] {dbapi.py:204} INFO - Running statement: -- Drop tables

DROP TABLE IF EXISTS test.invoice;

DROP TABLE IF EXISTS test.customer;

-- test.customer definition

CREATE TABLE IF NOT EXISTS test.customer (
	id int4 NOT NULL,
	firstname varchar NULL,
	lastname varchar NULL,
	address varchar NULL,
	phone varchar NULL,
	CONSTRAINT customer_pk PRIMARY KEY (id)
);

-- test.invoice definition

CREATE TABLE IF NOT EXISTS test.invoice (
	InvoiceID int4 NOT NULL,
	CustomerID int4 NULL,
	orderdate date NULL,
	subtotal float4 NULL,
	CONSTRAINT invoice_pk PRIMARY KEY (InvoiceID),
	CONSTRAINT customer_fk FOREIGN KEY (CustomerID) REFERENCES test.customer(id)
);, parameters: None
[2021-06-27 20:12:43,150] {taskinstance.py:1191} INFO - Marking task as SUCCESS. dag_id=postgretomysql, task_id=create_postgresql_schema, execution_date=20210627T201137, start_date=20210627T201242, end_date=20210627T201243
[2021-06-27 20:12:43,229] {taskinstance.py:1245} INFO - 1 downstream tasks scheduled from follow-on schedule check
[2021-06-27 20:12:43,275] {local_task_job.py:151} INFO - Task exited with return code 0
