[2021-06-27 20:09:33,393] {taskinstance.py:876} INFO - Dependencies all met for <TaskInstance: postgretomysql.load_transform_customer 2021-06-27T20:09:27.715568+00:00 [queued]>
[2021-06-27 20:09:33,479] {taskinstance.py:876} INFO - Dependencies all met for <TaskInstance: postgretomysql.load_transform_customer 2021-06-27T20:09:27.715568+00:00 [queued]>
[2021-06-27 20:09:33,483] {taskinstance.py:1067} INFO - 
--------------------------------------------------------------------------------
[2021-06-27 20:09:33,487] {taskinstance.py:1068} INFO - Starting attempt 1 of 2
[2021-06-27 20:09:33,494] {taskinstance.py:1069} INFO - 
--------------------------------------------------------------------------------
[2021-06-27 20:09:33,530] {taskinstance.py:1087} INFO - Executing <Task(PythonOperator): load_transform_customer> on 2021-06-27T20:09:27.715568+00:00
[2021-06-27 20:09:33,555] {standard_task_runner.py:52} INFO - Started process 2065 to run task
[2021-06-27 20:09:33,566] {standard_task_runner.py:76} INFO - Running: ['***', 'tasks', 'run', 'postgretomysql', 'load_transform_customer', '2021-06-27T20:09:27.715568+00:00', '--job-id', '108', '--pool', 'default_pool', '--raw', '--subdir', 'DAGS_FOLDER/postgresmysql.py', '--cfg-path', '/tmp/tmpng_omka1', '--error-file', '/tmp/tmpiqrts5gu']
[2021-06-27 20:09:33,569] {standard_task_runner.py:77} INFO - Job 108: Subtask load_transform_customer
[2021-06-27 20:09:33,691] {logging_mixin.py:104} INFO - Running <TaskInstance: postgretomysql.load_transform_customer 2021-06-27T20:09:27.715568+00:00 [running]> on host b69deda3a989
[2021-06-27 20:09:33,852] {taskinstance.py:1282} INFO - Exporting the following env vars:
AIRFLOW_CTX_DAG_EMAIL=tech@innospark.com
AIRFLOW_CTX_DAG_OWNER=***
AIRFLOW_CTX_DAG_ID=postgretomysql
AIRFLOW_CTX_TASK_ID=load_transform_customer
AIRFLOW_CTX_EXECUTION_DATE=2021-06-27T20:09:27.715568+00:00
AIRFLOW_CTX_DAG_RUN_ID=manual__2021-06-27T20:09:27.715568+00:00
[2021-06-27 20:09:33,891] {base.py:78} INFO - Using connection to: id: docker-postgres. Host: 172.27.240.1, Port: 5432, Schema: , Login: postgres, Password: ***, extra: {}
[2021-06-27 20:09:33,935] {python.py:151} INFO - Done. Returned value was: None
[2021-06-27 20:09:33,959] {taskinstance.py:1191} INFO - Marking task as SUCCESS. dag_id=postgretomysql, task_id=load_transform_customer, execution_date=20210627T200927, start_date=20210627T200933, end_date=20210627T200933
[2021-06-27 20:09:34,051] {taskinstance.py:1245} INFO - 1 downstream tasks scheduled from follow-on schedule check
[2021-06-27 20:09:34,131] {local_task_job.py:151} INFO - Task exited with return code 0
