[2021-06-27 07:26:36,788] {taskinstance.py:876} INFO - Dependencies all met for <TaskInstance: postgretomysql.import_mysql_customer 2021-06-27T07:26:23.777470+00:00 [queued]>
[2021-06-27 07:26:36,817] {taskinstance.py:876} INFO - Dependencies all met for <TaskInstance: postgretomysql.import_mysql_customer 2021-06-27T07:26:23.777470+00:00 [queued]>
[2021-06-27 07:26:36,818] {taskinstance.py:1067} INFO - 
--------------------------------------------------------------------------------
[2021-06-27 07:26:36,818] {taskinstance.py:1068} INFO - Starting attempt 1 of 2
[2021-06-27 07:26:36,822] {taskinstance.py:1069} INFO - 
--------------------------------------------------------------------------------
[2021-06-27 07:26:36,836] {taskinstance.py:1087} INFO - Executing <Task(PythonOperator): import_mysql_customer> on 2021-06-27T07:26:23.777470+00:00
[2021-06-27 07:26:36,848] {standard_task_runner.py:52} INFO - Started process 5642 to run task
[2021-06-27 07:26:36,856] {standard_task_runner.py:76} INFO - Running: ['***', 'tasks', 'run', 'postgretomysql', 'import_mysql_customer', '2021-06-27T07:26:23.777470+00:00', '--job-id', '62', '--pool', 'default_pool', '--raw', '--subdir', 'DAGS_FOLDER/postgresql-collect.py', '--cfg-path', '/tmp/tmpbu__8x8l', '--error-file', '/tmp/tmp61caflwr']
[2021-06-27 07:26:36,867] {standard_task_runner.py:77} INFO - Job 62: Subtask import_mysql_customer
[2021-06-27 07:26:36,936] {logging_mixin.py:104} INFO - Running <TaskInstance: postgretomysql.import_mysql_customer 2021-06-27T07:26:23.777470+00:00 [running]> on host b69deda3a989
[2021-06-27 07:26:37,003] {taskinstance.py:1282} INFO - Exporting the following env vars:
AIRFLOW_CTX_DAG_EMAIL=tech@innospark.com
AIRFLOW_CTX_DAG_OWNER=***
AIRFLOW_CTX_DAG_ID=postgretomysql
AIRFLOW_CTX_TASK_ID=import_mysql_customer
AIRFLOW_CTX_EXECUTION_DATE=2021-06-27T07:26:23.777470+00:00
AIRFLOW_CTX_DAG_RUN_ID=manual__2021-06-27T07:26:23.777470+00:00
[2021-06-27 07:26:37,023] {base.py:78} INFO - Using connection to: id: docker-mysql. Host: 192.168.1.27, Port: 3306, Schema: , Login: root, Password: ***, extra: {'charset': 'utf8', 'local_infile': True}
[2021-06-27 07:26:37,090] {python.py:151} INFO - Done. Returned value was: None
[2021-06-27 07:26:37,103] {taskinstance.py:1191} INFO - Marking task as SUCCESS. dag_id=postgretomysql, task_id=import_mysql_customer, execution_date=20210627T072623, start_date=20210627T072636, end_date=20210627T072637
[2021-06-27 07:26:37,132] {taskinstance.py:1245} INFO - 1 downstream tasks scheduled from follow-on schedule check
[2021-06-27 07:26:37,145] {local_task_job.py:151} INFO - Task exited with return code 0
