[2021-06-27 20:32:14,324] {taskinstance.py:876} INFO - Dependencies all met for <TaskInstance: mysqltomongo.export_mysql_customer 2021-06-27T20:31:36.477408+00:00 [queued]>
[2021-06-27 20:32:14,378] {taskinstance.py:876} INFO - Dependencies all met for <TaskInstance: mysqltomongo.export_mysql_customer 2021-06-27T20:31:36.477408+00:00 [queued]>
[2021-06-27 20:32:14,380] {taskinstance.py:1067} INFO - 
--------------------------------------------------------------------------------
[2021-06-27 20:32:14,387] {taskinstance.py:1068} INFO - Starting attempt 1 of 2
[2021-06-27 20:32:14,393] {taskinstance.py:1069} INFO - 
--------------------------------------------------------------------------------
[2021-06-27 20:32:14,452] {taskinstance.py:1087} INFO - Executing <Task(PythonOperator): export_mysql_customer> on 2021-06-27T20:31:36.477408+00:00
[2021-06-27 20:32:14,486] {standard_task_runner.py:52} INFO - Started process 3176 to run task
[2021-06-27 20:32:14,509] {standard_task_runner.py:76} INFO - Running: ['***', 'tasks', 'run', 'mysqltomongo', 'export_mysql_customer', '2021-06-27T20:31:36.477408+00:00', '--job-id', '127', '--pool', 'default_pool', '--raw', '--subdir', 'DAGS_FOLDER/mysqlmongo.py', '--cfg-path', '/tmp/tmpd7ltpcwl', '--error-file', '/tmp/tmpr967v_vc']
[2021-06-27 20:32:14,513] {standard_task_runner.py:77} INFO - Job 127: Subtask export_mysql_customer
[2021-06-27 20:32:14,646] {logging_mixin.py:104} INFO - Running <TaskInstance: mysqltomongo.export_mysql_customer 2021-06-27T20:31:36.477408+00:00 [running]> on host b69deda3a989
[2021-06-27 20:32:14,795] {taskinstance.py:1282} INFO - Exporting the following env vars:
AIRFLOW_CTX_DAG_EMAIL=tech@innospark.com
AIRFLOW_CTX_DAG_OWNER=***
AIRFLOW_CTX_DAG_ID=mysqltomongo
AIRFLOW_CTX_TASK_ID=export_mysql_customer
AIRFLOW_CTX_EXECUTION_DATE=2021-06-27T20:31:36.477408+00:00
AIRFLOW_CTX_DAG_RUN_ID=manual__2021-06-27T20:31:36.477408+00:00
[2021-06-27 20:32:14,797] {logging_mixin.py:104} INFO - Entering export_mysql_to_csv docker-mysql
[2021-06-27 20:32:14,830] {base.py:78} INFO - Using connection to: id: docker-mysql. Host: 172.27.240.1, Port: 3306, Schema: , Login: root, Password: ***, extra: {'charset': 'utf8', 'local_infile': True}
[2021-06-27 20:32:14,888] {python.py:151} INFO - Done. Returned value was: None
[2021-06-27 20:32:14,916] {taskinstance.py:1191} INFO - Marking task as SUCCESS. dag_id=mysqltomongo, task_id=export_mysql_customer, execution_date=20210627T203136, start_date=20210627T203214, end_date=20210627T203214
[2021-06-27 20:32:15,103] {taskinstance.py:1245} INFO - 0 downstream tasks scheduled from follow-on schedule check
[2021-06-27 20:32:15,171] {local_task_job.py:151} INFO - Task exited with return code 0
