[2021-06-27 18:01:53,848] {taskinstance.py:876} INFO - Dependencies all met for <TaskInstance: postgretomysql.import_mongo_customer 2021-06-27T18:01:27.549223+00:00 [queued]>
[2021-06-27 18:01:53,874] {taskinstance.py:876} INFO - Dependencies all met for <TaskInstance: postgretomysql.import_mongo_customer 2021-06-27T18:01:27.549223+00:00 [queued]>
[2021-06-27 18:01:53,876] {taskinstance.py:1067} INFO - 
--------------------------------------------------------------------------------
[2021-06-27 18:01:53,876] {taskinstance.py:1068} INFO - Starting attempt 1 of 2
[2021-06-27 18:01:53,879] {taskinstance.py:1069} INFO - 
--------------------------------------------------------------------------------
[2021-06-27 18:01:53,899] {taskinstance.py:1087} INFO - Executing <Task(PythonOperator): import_mongo_customer> on 2021-06-27T18:01:27.549223+00:00
[2021-06-27 18:01:53,909] {standard_task_runner.py:52} INFO - Started process 7082 to run task
[2021-06-27 18:01:53,920] {standard_task_runner.py:76} INFO - Running: ['***', 'tasks', 'run', 'postgretomysql', 'import_mongo_customer', '2021-06-27T18:01:27.549223+00:00', '--job-id', '90', '--pool', 'default_pool', '--raw', '--subdir', 'DAGS_FOLDER/postgresql-collect.py', '--cfg-path', '/tmp/tmpd0o14bgd', '--error-file', '/tmp/tmpp9wfg7ix']
[2021-06-27 18:01:53,922] {standard_task_runner.py:77} INFO - Job 90: Subtask import_mongo_customer
[2021-06-27 18:01:53,988] {logging_mixin.py:104} INFO - Running <TaskInstance: postgretomysql.import_mongo_customer 2021-06-27T18:01:27.549223+00:00 [running]> on host b69deda3a989
[2021-06-27 18:01:54,074] {taskinstance.py:1282} INFO - Exporting the following env vars:
AIRFLOW_CTX_DAG_EMAIL=tech@innospark.com
AIRFLOW_CTX_DAG_OWNER=***
AIRFLOW_CTX_DAG_ID=postgretomysql
AIRFLOW_CTX_TASK_ID=import_mongo_customer
AIRFLOW_CTX_EXECUTION_DATE=2021-06-27T18:01:27.549223+00:00
AIRFLOW_CTX_DAG_RUN_ID=manual__2021-06-27T18:01:27.549223+00:00
[2021-06-27 18:01:54,075] {logging_mixin.py:104} INFO - Entering import_mongo_from_csv docker-mongo
[2021-06-27 18:01:54,089] {base.py:78} INFO - Using connection to: id: docker-mongo. Host: 172.27.240.1, Port: 27017, Schema: test, Login: , Password: None, extra: {}
[2021-06-27 18:01:54,103] {logging_mixin.py:104} INFO - the row OrderedDict([('id', '1'), ('customerName', 'Marie Curie'), ('address', '4 Place Jussieu, 75005 Paris, France'), ('country', 'France'), ('phone', '+33 1 44 27 44 27')])
[2021-06-27 18:01:54,104] {logging_mixin.py:104} INFO - the row OrderedDict([('id', '2'), ('customerName', 'Linus Pauling'), ('address', 'United States'), ('country', 'United States'), ('phone', '+15417375075')])
[2021-06-27 18:01:54,105] {logging_mixin.py:104} INFO - the row OrderedDict([('id', '3'), ('customerName', 'John Bardeen'), ('address', 'Urbana, IL 61801'), ('country', 'United States'), ('phone', '+12173332151')])
[2021-06-27 18:01:54,105] {logging_mixin.py:104} INFO - the row OrderedDict([('id', '4'), ('customerName', 'Frederick Sanger'), ('address', 'Wellcome Trust Genome Campus, Hinxton, Saffron Walden CB10 1RQ'), ('country', 'United Kingdom'), ('phone', '+441223834244')])
[2021-06-27 18:01:54,106] {logging_mixin.py:104} INFO - The data [{'id': '1', 'customerName': 'Marie Curie', 'address': '4 Place Jussieu, 75005 Paris, France', 'country': 'France', 'phone': '+33 1 44 27 44 27'}, {'id': '2', 'customerName': 'Linus Pauling', 'address': 'United States', 'country': 'United States', 'phone': '+15417375075'}, {'id': '3', 'customerName': 'John Bardeen', 'address': 'Urbana, IL 61801', 'country': 'United States', 'phone': '+12173332151'}, {'id': '4', 'customerName': 'Frederick Sanger', 'address': 'Wellcome Trust Genome Campus, Hinxton, Saffron Walden CB10 1RQ', 'country': 'United Kingdom', 'phone': '+441223834244'}]
[2021-06-27 18:01:54,106] {logging_mixin.py:104} INFO - The data type <class 'list'>
[2021-06-27 18:01:54,133] {logging_mixin.py:104} INFO - The conn MongoClient(host=['172.27.240.1:27017'], document_class=dict, tz_aware=False, connect=True)
[2021-06-27 18:01:54,211] {python.py:151} INFO - Done. Returned value was: None
[2021-06-27 18:01:54,241] {taskinstance.py:1191} INFO - Marking task as SUCCESS. dag_id=postgretomysql, task_id=import_mongo_customer, execution_date=20210627T180127, start_date=20210627T180153, end_date=20210627T180154
[2021-06-27 18:01:54,289] {taskinstance.py:1245} INFO - 1 downstream tasks scheduled from follow-on schedule check
[2021-06-27 18:01:54,330] {local_task_job.py:151} INFO - Task exited with return code 0
