[2021-06-27 20:12:45,044] {taskinstance.py:876} INFO - Dependencies all met for <TaskInstance: postgretomysql.load_transform_customer 2021-06-27T20:11:37.377135+00:00 [queued]>
[2021-06-27 20:12:45,091] {taskinstance.py:876} INFO - Dependencies all met for <TaskInstance: postgretomysql.load_transform_customer 2021-06-27T20:11:37.377135+00:00 [queued]>
[2021-06-27 20:12:45,092] {taskinstance.py:1067} INFO - 
--------------------------------------------------------------------------------
[2021-06-27 20:12:45,093] {taskinstance.py:1068} INFO - Starting attempt 1 of 2
[2021-06-27 20:12:45,103] {taskinstance.py:1069} INFO - 
--------------------------------------------------------------------------------
[2021-06-27 20:12:45,141] {taskinstance.py:1087} INFO - Executing <Task(PythonOperator): load_transform_customer> on 2021-06-27T20:11:37.377135+00:00
[2021-06-27 20:12:45,187] {standard_task_runner.py:52} INFO - Started process 2210 to run task
[2021-06-27 20:12:45,197] {standard_task_runner.py:76} INFO - Running: ['***', 'tasks', 'run', 'postgretomysql', 'load_transform_customer', '2021-06-27T20:11:37.377135+00:00', '--job-id', '113', '--pool', 'default_pool', '--raw', '--subdir', 'DAGS_FOLDER/postgresmysql.py', '--cfg-path', '/tmp/tmplrz1qlsg', '--error-file', '/tmp/tmpbhpgazob']
[2021-06-27 20:12:45,204] {standard_task_runner.py:77} INFO - Job 113: Subtask load_transform_customer
[2021-06-27 20:12:45,432] {logging_mixin.py:104} INFO - Running <TaskInstance: postgretomysql.load_transform_customer 2021-06-27T20:11:37.377135+00:00 [running]> on host b69deda3a989
[2021-06-27 20:12:45,716] {taskinstance.py:1282} INFO - Exporting the following env vars:
AIRFLOW_CTX_DAG_EMAIL=tech@innospark.com
AIRFLOW_CTX_DAG_OWNER=***
AIRFLOW_CTX_DAG_ID=postgretomysql
AIRFLOW_CTX_TASK_ID=load_transform_customer
AIRFLOW_CTX_EXECUTION_DATE=2021-06-27T20:11:37.377135+00:00
AIRFLOW_CTX_DAG_RUN_ID=manual__2021-06-27T20:11:37.377135+00:00
[2021-06-27 20:12:45,767] {base.py:78} INFO - Using connection to: id: docker-postgres. Host: 172.27.240.1, Port: 5432, Schema: , Login: postgres, Password: ***, extra: {}
[2021-06-27 20:12:45,840] {python.py:151} INFO - Done. Returned value was: None
[2021-06-27 20:12:45,872] {taskinstance.py:1191} INFO - Marking task as SUCCESS. dag_id=postgretomysql, task_id=load_transform_customer, execution_date=20210627T201137, start_date=20210627T201245, end_date=20210627T201245
[2021-06-27 20:12:46,082] {taskinstance.py:1245} INFO - 0 downstream tasks scheduled from follow-on schedule check
[2021-06-27 20:12:46,143] {local_task_job.py:151} INFO - Task exited with return code 0
