[2021-06-27 20:12:47,518] {taskinstance.py:876} INFO - Dependencies all met for <TaskInstance: postgretomysql.load_transform_invoice 2021-06-27T20:11:37.377135+00:00 [queued]>
[2021-06-27 20:12:47,577] {taskinstance.py:876} INFO - Dependencies all met for <TaskInstance: postgretomysql.load_transform_invoice 2021-06-27T20:11:37.377135+00:00 [queued]>
[2021-06-27 20:12:47,588] {taskinstance.py:1067} INFO - 
--------------------------------------------------------------------------------
[2021-06-27 20:12:47,588] {taskinstance.py:1068} INFO - Starting attempt 1 of 2
[2021-06-27 20:12:47,602] {taskinstance.py:1069} INFO - 
--------------------------------------------------------------------------------
[2021-06-27 20:12:47,668] {taskinstance.py:1087} INFO - Executing <Task(PythonOperator): load_transform_invoice> on 2021-06-27T20:11:37.377135+00:00
[2021-06-27 20:12:47,686] {standard_task_runner.py:52} INFO - Started process 2212 to run task
[2021-06-27 20:12:47,698] {standard_task_runner.py:76} INFO - Running: ['***', 'tasks', 'run', 'postgretomysql', 'load_transform_invoice', '2021-06-27T20:11:37.377135+00:00', '--job-id', '114', '--pool', 'default_pool', '--raw', '--subdir', 'DAGS_FOLDER/postgresmysql.py', '--cfg-path', '/tmp/tmpohi5ktez', '--error-file', '/tmp/tmp6rk8j938']
[2021-06-27 20:12:47,701] {standard_task_runner.py:77} INFO - Job 114: Subtask load_transform_invoice
[2021-06-27 20:12:47,789] {logging_mixin.py:104} INFO - Running <TaskInstance: postgretomysql.load_transform_invoice 2021-06-27T20:11:37.377135+00:00 [running]> on host b69deda3a989
[2021-06-27 20:12:47,905] {taskinstance.py:1282} INFO - Exporting the following env vars:
AIRFLOW_CTX_DAG_EMAIL=tech@innospark.com
AIRFLOW_CTX_DAG_OWNER=***
AIRFLOW_CTX_DAG_ID=postgretomysql
AIRFLOW_CTX_TASK_ID=load_transform_invoice
AIRFLOW_CTX_EXECUTION_DATE=2021-06-27T20:11:37.377135+00:00
AIRFLOW_CTX_DAG_RUN_ID=manual__2021-06-27T20:11:37.377135+00:00
[2021-06-27 20:12:47,925] {base.py:78} INFO - Using connection to: id: docker-postgres. Host: 172.27.240.1, Port: 5432, Schema: , Login: postgres, Password: ***, extra: {}
[2021-06-27 20:12:48,004] {python.py:151} INFO - Done. Returned value was: None
[2021-06-27 20:12:48,050] {taskinstance.py:1191} INFO - Marking task as SUCCESS. dag_id=postgretomysql, task_id=load_transform_invoice, execution_date=20210627T201137, start_date=20210627T201247, end_date=20210627T201248
[2021-06-27 20:12:48,138] {taskinstance.py:1245} INFO - 1 downstream tasks scheduled from follow-on schedule check
[2021-06-27 20:12:48,196] {local_task_job.py:151} INFO - Task exited with return code 0
